[2025-10-16 13:28:57] INFO: Logger initialized - File: /home/pi/rider-controller/logs/obd_service.log
[2025-10-16 13:28:57] INFO: Starting OBD service on port 8001...
[2025-10-16 13:28:57] INFO: ============================================================
[2025-10-16 13:28:57] INFO: OBD Service Starting
[2025-10-16 13:28:57] INFO: ============================================================
[2025-10-16 13:28:59] INFO: Starting OBD initialization...
[2025-10-16 13:28:59] INFO: Connecting to OBD-II adapter...
[2025-10-16 13:29:07] INFO: ✓ Connected to /dev/ttyUSB0
[2025-10-16 13:29:07] INFO:   Protocol: ISO 15765-4 (CAN 11/500)
[2025-10-16 13:29:07] INFO: Discovering available OBD commands (this may take 30+ seconds)...
[2025-10-16 13:29:07] INFO:   ✓ PIDS_A - Supported PIDs [01-20]
[2025-10-16 13:29:07] INFO:   ✓ STATUS - Status since DTCs cleared
[2025-10-16 13:29:08] INFO:   ✓ FUEL_STATUS - Fuel System Status
[2025-10-16 13:29:08] INFO:   ✓ ENGINE_LOAD - Calculated Engine Load
[2025-10-16 13:29:08] INFO:   ✓ COOLANT_TEMP - Engine Coolant Temperature
[2025-10-16 13:29:08] INFO:   ✓ SHORT_FUEL_TRIM_1 - Short Term Fuel Trim - Bank 1
[2025-10-16 13:29:08] INFO:   ✓ LONG_FUEL_TRIM_1 - Long Term Fuel Trim - Bank 1
[2025-10-16 13:29:09] INFO:   ✓ RPM - Engine RPM
[2025-10-16 13:29:09] INFO:   ✓ SPEED - Vehicle Speed
[2025-10-16 13:29:09] INFO:   ✓ TIMING_ADVANCE - Timing Advance
[2025-10-16 13:29:09] INFO:   ✓ INTAKE_TEMP - Intake Air Temp
[2025-10-16 13:29:09] INFO:   ✓ MAF - Air Flow Rate (MAF)
[2025-10-16 13:29:09] INFO:   ✓ THROTTLE_POS - Throttle Position
[2025-10-16 13:29:10] INFO:   ✓ O2_SENSORS - O2 Sensors Present
[2025-10-16 13:29:10] INFO:   ✓ O2_B1S1 - O2: Bank 1 - Sensor 1 Voltage
[2025-10-16 13:29:10] INFO:   ✓ O2_B1S2 - O2: Bank 1 - Sensor 2 Voltage
[2025-10-16 13:29:11] INFO:   ✓ OBD_COMPLIANCE - OBD Standards Compliance
[2025-10-16 13:29:11] INFO:   ✓ RUN_TIME - Engine Run Time
[2025-10-16 13:29:11] INFO:   ✓ PIDS_B - Supported PIDs [21-40]
[2025-10-16 13:29:11] INFO:   ✓ DISTANCE_W_MIL - Distance Traveled with MIL on
[2025-10-16 13:29:13] INFO:   ✓ EVAPORATIVE_PURGE - Commanded Evaporative Purge
[2025-10-16 13:29:13] INFO:   ✓ WARMUPS_SINCE_DTC_CLEAR - Number of warm-ups since codes cleared
[2025-10-16 13:29:13] INFO:   ✓ DISTANCE_SINCE_DTC_CLEAR - Distance traveled since codes cleared
[2025-10-16 13:29:13] INFO:   ✓ BAROMETRIC_PRESSURE - Barometric Pressure
[2025-10-16 13:29:14] INFO:   ✓ CATALYST_TEMP_B1S1 - Catalyst Temperature: Bank 1 - Sensor 1
[2025-10-16 13:29:15] INFO:   ✓ CATALYST_TEMP_B1S2 - Catalyst Temperature: Bank 1 - Sensor 2
[2025-10-16 13:29:15] INFO:   ✓ PIDS_C - Supported PIDs [41-60]
[2025-10-16 13:29:15] INFO:   ✓ CONTROL_MODULE_VOLTAGE - Control module voltage
[2025-10-16 13:29:15] INFO:   ✓ ABSOLUTE_LOAD - Absolute load value
[2025-10-16 13:29:15] INFO:   ✓ COMMANDED_EQUIV_RATIO - Commanded equivalence ratio
[2025-10-16 13:29:16] INFO:   ✓ RELATIVE_THROTTLE_POS - Relative throttle position
[2025-10-16 13:29:16] INFO:   ✓ THROTTLE_POS_B - Absolute throttle position B
[2025-10-16 13:29:16] INFO:   ✓ ACCELERATOR_POS_D - Accelerator pedal position D
[2025-10-16 13:29:16] INFO:   ✓ ACCELERATOR_POS_E - Accelerator pedal position E
[2025-10-16 13:29:16] INFO:   ✓ THROTTLE_ACTUATOR - Commanded throttle actuator
[2025-10-16 13:29:17] INFO:   ✓ RUN_TIME_MIL - Time run with MIL on
[2025-10-16 13:29:17] INFO:   ✓ TIME_SINCE_DTC_CLEARED - Time since trouble codes cleared
[2025-10-16 13:29:19] INFO: Discovery complete: 37/96 commands available
[2025-10-16 13:29:19] INFO: Command list saved to: /home/pi/rider-controller/logs/obd_data/available_commands.json
[2025-10-16 13:29:19] INFO: OBD polling started
[2025-10-16 13:29:19] INFO: ✓ OBD logging started automatically
[2025-10-16 13:29:20] INFO: Logging to: /home/pi/rider-controller/logs/obd_data/obd_2025-10-16.jsonl
[2025-10-16 13:29:36] INFO: Manual logging stop requested
[2025-10-16 13:29:37] INFO: OBD polling stopped - will attempt reconnection
[2025-10-16 13:29:37] ERROR: Could not schedule reconnection: There is no current event loop in thread 'Thread-1 (poll_obd)'.
[2025-10-16 13:29:46] INFO: Manual reconnection requested
[2025-10-16 13:29:46] INFO: Will attempt reconnection in 30s...
[2025-10-16 13:30:16] INFO: Closed previous connection
[2025-10-16 13:30:16] INFO: Attempting to reconnect to OBD...
[2025-10-16 13:30:16] INFO: Connecting to OBD-II adapter...
[2025-10-16 13:30:17] ERROR: ✗ Failed to connect to OBD-II adapter
[2025-10-16 13:30:17] WARNING: Reconnection failed - will try again
[2025-10-16 13:30:47] INFO: Will attempt reconnection in 30s...
[2025-10-16 13:31:17] INFO: Closed previous connection
[2025-10-16 13:31:17] INFO: Attempting to reconnect to OBD...
[2025-10-16 13:31:17] INFO: Connecting to OBD-II adapter...
[2025-10-16 13:31:25] INFO: ✓ Connected to /dev/ttyUSB0
[2025-10-16 13:31:25] INFO:   Protocol: ISO 15765-4 (CAN 11/500)
[2025-10-16 13:31:25] INFO: Discovering available OBD commands (this may take 30+ seconds)...
[2025-10-16 13:31:25] INFO:   ✓ PIDS_A - Supported PIDs [01-20]
[2025-10-16 13:31:25] INFO:   ✓ STATUS - Status since DTCs cleared
[2025-10-16 13:31:25] INFO:   ✓ FUEL_STATUS - Fuel System Status
[2025-10-16 13:31:25] INFO:   ✓ ENGINE_LOAD - Calculated Engine Load
[2025-10-16 13:31:26] INFO:   ✓ COOLANT_TEMP - Engine Coolant Temperature
[2025-10-16 13:31:26] INFO:   ✓ SHORT_FUEL_TRIM_1 - Short Term Fuel Trim - Bank 1
[2025-10-16 13:31:26] INFO:   ✓ LONG_FUEL_TRIM_1 - Long Term Fuel Trim - Bank 1
[2025-10-16 13:31:26] INFO:   ✓ RPM - Engine RPM
[2025-10-16 13:31:27] INFO:   ✓ SPEED - Vehicle Speed
[2025-10-16 13:31:27] INFO:   ✓ TIMING_ADVANCE - Timing Advance
[2025-10-16 13:31:27] INFO:   ✓ INTAKE_TEMP - Intake Air Temp
[2025-10-16 13:31:27] INFO:   ✓ MAF - Air Flow Rate (MAF)
[2025-10-16 13:31:27] INFO:   ✓ THROTTLE_POS - Throttle Position
[2025-10-16 13:31:27] INFO:   ✓ O2_SENSORS - O2 Sensors Present
[2025-10-16 13:31:28] INFO:   ✓ O2_B1S1 - O2: Bank 1 - Sensor 1 Voltage
[2025-10-16 13:31:28] INFO:   ✓ O2_B1S2 - O2: Bank 1 - Sensor 2 Voltage
[2025-10-16 13:31:29] INFO:   ✓ OBD_COMPLIANCE - OBD Standards Compliance
[2025-10-16 13:31:29] INFO:   ✓ RUN_TIME - Engine Run Time
[2025-10-16 13:31:29] INFO:   ✓ PIDS_B - Supported PIDs [21-40]
[2025-10-16 13:31:29] INFO:   ✓ DISTANCE_W_MIL - Distance Traveled with MIL on
[2025-10-16 13:31:31] INFO:   ✓ EVAPORATIVE_PURGE - Commanded Evaporative Purge
[2025-10-16 13:31:31] INFO:   ✓ WARMUPS_SINCE_DTC_CLEAR - Number of warm-ups since codes cleared
[2025-10-16 13:31:31] INFO:   ✓ DISTANCE_SINCE_DTC_CLEAR - Distance traveled since codes cleared
[2025-10-16 13:31:31] INFO:   ✓ BAROMETRIC_PRESSURE - Barometric Pressure
[2025-10-16 13:31:32] INFO:   ✓ CATALYST_TEMP_B1S1 - Catalyst Temperature: Bank 1 - Sensor 1
[2025-10-16 13:31:32] INFO:   ✓ CATALYST_TEMP_B1S2 - Catalyst Temperature: Bank 1 - Sensor 2
[2025-10-16 13:31:33] INFO:   ✓ PIDS_C - Supported PIDs [41-60]
[2025-10-16 13:31:33] INFO:   ✓ CONTROL_MODULE_VOLTAGE - Control module voltage
[2025-10-16 13:31:33] INFO:   ✓ ABSOLUTE_LOAD - Absolute load value
[2025-10-16 13:31:33] INFO:   ✓ COMMANDED_EQUIV_RATIO - Commanded equivalence ratio
[2025-10-16 13:31:33] INFO:   ✓ RELATIVE_THROTTLE_POS - Relative throttle position
[2025-10-16 13:31:34] INFO:   ✓ THROTTLE_POS_B - Absolute throttle position B
[2025-10-16 13:31:34] INFO:   ✓ ACCELERATOR_POS_D - Accelerator pedal position D
[2025-10-16 13:31:34] INFO:   ✓ ACCELERATOR_POS_E - Accelerator pedal position E
[2025-10-16 13:31:34] INFO:   ✓ THROTTLE_ACTUATOR - Commanded throttle actuator
[2025-10-16 13:31:34] INFO:   ✓ RUN_TIME_MIL - Time run with MIL on
[2025-10-16 13:31:35] INFO:   ✓ TIME_SINCE_DTC_CLEARED - Time since trouble codes cleared
[2025-10-16 13:31:36] INFO: Discovery complete: 37/96 commands available
[2025-10-16 13:31:36] INFO: Command list saved to: /home/pi/rider-controller/logs/obd_data/available_commands.json
[2025-10-16 13:31:36] INFO: OBD polling started
[2025-10-16 13:31:36] INFO: ✓ Reconnected successfully!
[2025-10-16 13:31:36] INFO: OBD Service Shutting Down...
[2025-10-16 13:31:37] INFO: ✓ OBD connection closed
[2025-10-16 13:31:37] INFO: ✓ Shutdown complete
[2025-10-16 13:31:57] INFO: Logger initialized - File: /home/pi/rider-controller/logs/obd_service.log
[2025-10-16 13:31:57] INFO: Starting OBD service on port 8001...
[2025-10-16 13:31:57] INFO: ============================================================
[2025-10-16 13:31:57] INFO: OBD Service Starting
[2025-10-16 13:31:57] INFO: ============================================================
[2025-10-16 13:31:59] INFO: Starting OBD initialization...
[2025-10-16 13:31:59] INFO: Connecting to OBD-II adapter...
[2025-10-16 13:32:07] INFO: ✓ Connected to /dev/ttyUSB0
[2025-10-16 13:32:07] INFO:   Protocol: ISO 15765-4 (CAN 11/500)
[2025-10-16 13:32:07] INFO: Discovering available OBD commands (this may take 30+ seconds)...
[2025-10-16 13:32:07] INFO:   ✓ PIDS_A - Supported PIDs [01-20]
[2025-10-16 13:32:07] INFO:   ✓ STATUS - Status since DTCs cleared
[2025-10-16 13:32:07] INFO:   ✓ FUEL_STATUS - Fuel System Status
[2025-10-16 13:32:07] INFO:   ✓ ENGINE_LOAD - Calculated Engine Load
[2025-10-16 13:32:07] INFO:   ✓ COOLANT_TEMP - Engine Coolant Temperature
[2025-10-16 13:32:08] INFO:   ✓ SHORT_FUEL_TRIM_1 - Short Term Fuel Trim - Bank 1
[2025-10-16 13:32:08] INFO:   ✓ LONG_FUEL_TRIM_1 - Long Term Fuel Trim - Bank 1
[2025-10-16 13:32:08] INFO:   ✓ RPM - Engine RPM
[2025-10-16 13:32:08] INFO:   ✓ SPEED - Vehicle Speed
[2025-10-16 13:32:09] INFO:   ✓ TIMING_ADVANCE - Timing Advance
[2025-10-16 13:32:09] INFO:   ✓ INTAKE_TEMP - Intake Air Temp
[2025-10-16 13:32:09] INFO:   ✓ MAF - Air Flow Rate (MAF)
[2025-10-16 13:32:09] INFO:   ✓ THROTTLE_POS - Throttle Position
[2025-10-16 13:32:09] INFO:   ✓ O2_SENSORS - O2 Sensors Present
[2025-10-16 13:32:09] INFO:   ✓ O2_B1S1 - O2: Bank 1 - Sensor 1 Voltage
[2025-10-16 13:32:10] INFO:   ✓ O2_B1S2 - O2: Bank 1 - Sensor 2 Voltage
[2025-10-16 13:32:10] INFO:   ✓ OBD_COMPLIANCE - OBD Standards Compliance
[2025-10-16 13:32:11] INFO:   ✓ RUN_TIME - Engine Run Time
[2025-10-16 13:32:11] INFO:   ✓ PIDS_B - Supported PIDs [21-40]
[2025-10-16 13:32:11] INFO:   ✓ DISTANCE_W_MIL - Distance Traveled with MIL on
[2025-10-16 13:32:12] INFO:   ✓ EVAPORATIVE_PURGE - Commanded Evaporative Purge
[2025-10-16 13:32:13] INFO:   ✓ WARMUPS_SINCE_DTC_CLEAR - Number of warm-ups since codes cleared
[2025-10-16 13:32:13] INFO:   ✓ DISTANCE_SINCE_DTC_CLEAR - Distance traveled since codes cleared
[2025-10-16 13:32:13] INFO:   ✓ BAROMETRIC_PRESSURE - Barometric Pressure
[2025-10-16 13:32:14] INFO:   ✓ CATALYST_TEMP_B1S1 - Catalyst Temperature: Bank 1 - Sensor 1
[2025-10-16 13:32:14] INFO:   ✓ CATALYST_TEMP_B1S2 - Catalyst Temperature: Bank 1 - Sensor 2
[2025-10-16 13:32:15] INFO:   ✓ PIDS_C - Supported PIDs [41-60]
[2025-10-16 13:32:15] INFO:   ✓ CONTROL_MODULE_VOLTAGE - Control module voltage
[2025-10-16 13:32:15] INFO:   ✓ ABSOLUTE_LOAD - Absolute load value
[2025-10-16 13:32:15] INFO:   ✓ COMMANDED_EQUIV_RATIO - Commanded equivalence ratio
[2025-10-16 13:32:15] INFO:   ✓ RELATIVE_THROTTLE_POS - Relative throttle position
[2025-10-16 13:32:15] INFO:   ✓ THROTTLE_POS_B - Absolute throttle position B
[2025-10-16 13:32:16] INFO:   ✓ ACCELERATOR_POS_D - Accelerator pedal position D
[2025-10-16 13:32:16] INFO:   ✓ ACCELERATOR_POS_E - Accelerator pedal position E
[2025-10-16 13:32:16] INFO:   ✓ THROTTLE_ACTUATOR - Commanded throttle actuator
[2025-10-16 13:32:16] INFO:   ✓ RUN_TIME_MIL - Time run with MIL on
[2025-10-16 13:32:16] INFO:   ✓ TIME_SINCE_DTC_CLEARED - Time since trouble codes cleared
[2025-10-16 13:32:18] INFO: Discovery complete: 37/96 commands available
[2025-10-16 13:32:18] INFO: Command list saved to: /home/pi/rider-controller/logs/obd_data/available_commands.json
[2025-10-16 13:32:18] INFO: OBD polling started
[2025-10-16 13:32:18] INFO: ✓ OBD logging started automatically
[2025-10-16 13:32:20] INFO: Logging to: /home/pi/rider-controller/logs/obd_data/obd_2025-10-16.jsonl
[2025-10-16 13:32:32] INFO: Manual logging stop requested
[2025-10-16 13:32:34] INFO: OBD polling stopped - will attempt reconnection
[2025-10-16 13:32:34] ERROR: Could not schedule reconnection: There is no current event loop in thread 'Thread-1 (poll_obd)'.
[2025-10-16 13:32:40] INFO: Manual reconnection requested
[2025-10-16 13:32:40] INFO: Will attempt reconnection in 15s...
[2025-10-16 13:32:55] INFO: Closed previous connection
[2025-10-16 13:32:55] INFO: Attempting to reconnect to OBD...
[2025-10-16 13:32:55] INFO: Connecting to OBD-II adapter...
[2025-10-16 13:32:56] ERROR: ✗ Failed to connect to OBD-II adapter
[2025-10-16 13:32:56] WARNING: Reconnection failed - will try again
[2025-10-16 13:33:11] INFO: Will attempt reconnection in 15s...
[2025-10-16 13:33:26] INFO: Closed previous connection
[2025-10-16 13:33:26] INFO: Attempting to reconnect to OBD...
[2025-10-16 13:33:26] INFO: Connecting to OBD-II adapter...
[2025-10-16 13:33:34] INFO: ✓ Connected to /dev/ttyUSB0
[2025-10-16 13:33:34] INFO:   Protocol: ISO 15765-4 (CAN 11/500)
[2025-10-16 13:33:34] INFO: Discovering available OBD commands (this may take 30+ seconds)...
[2025-10-16 13:33:34] INFO:   ✓ PIDS_A - Supported PIDs [01-20]
[2025-10-16 13:33:34] INFO:   ✓ STATUS - Status since DTCs cleared
[2025-10-16 13:33:34] INFO:   ✓ FUEL_STATUS - Fuel System Status
[2025-10-16 13:33:34] INFO:   ✓ ENGINE_LOAD - Calculated Engine Load
[2025-10-16 13:33:35] INFO:   ✓ COOLANT_TEMP - Engine Coolant Temperature
[2025-10-16 13:33:35] INFO:   ✓ SHORT_FUEL_TRIM_1 - Short Term Fuel Trim - Bank 1
[2025-10-16 13:33:35] INFO:   ✓ LONG_FUEL_TRIM_1 - Long Term Fuel Trim - Bank 1
[2025-10-16 13:33:35] INFO:   ✓ RPM - Engine RPM
[2025-10-16 13:33:36] INFO:   ✓ SPEED - Vehicle Speed
[2025-10-16 13:33:36] INFO:   ✓ TIMING_ADVANCE - Timing Advance
[2025-10-16 13:33:36] INFO:   ✓ INTAKE_TEMP - Intake Air Temp
[2025-10-16 13:33:36] INFO:   ✓ MAF - Air Flow Rate (MAF)
[2025-10-16 13:33:36] INFO:   ✓ THROTTLE_POS - Throttle Position
[2025-10-16 13:33:36] INFO:   ✓ O2_SENSORS - O2 Sensors Present
[2025-10-16 13:33:36] INFO:   ✓ O2_B1S1 - O2: Bank 1 - Sensor 1 Voltage
[2025-10-16 13:33:37] INFO:   ✓ O2_B1S2 - O2: Bank 1 - Sensor 2 Voltage
[2025-10-16 13:33:37] INFO:   ✓ OBD_COMPLIANCE - OBD Standards Compliance
[2025-10-16 13:33:38] INFO:   ✓ RUN_TIME - Engine Run Time
[2025-10-16 13:33:38] INFO:   ✓ PIDS_B - Supported PIDs [21-40]
[2025-10-16 13:33:38] INFO:   ✓ DISTANCE_W_MIL - Distance Traveled with MIL on
[2025-10-16 13:33:39] INFO:   ✓ EVAPORATIVE_PURGE - Commanded Evaporative Purge
[2025-10-16 13:33:40] INFO:   ✓ WARMUPS_SINCE_DTC_CLEAR - Number of warm-ups since codes cleared
[2025-10-16 13:33:40] INFO:   ✓ DISTANCE_SINCE_DTC_CLEAR - Distance traveled since codes cleared
[2025-10-16 13:33:40] INFO:   ✓ BAROMETRIC_PRESSURE - Barometric Pressure
[2025-10-16 13:33:41] INFO:   ✓ CATALYST_TEMP_B1S1 - Catalyst Temperature: Bank 1 - Sensor 1
[2025-10-16 13:33:41] INFO:   ✓ CATALYST_TEMP_B1S2 - Catalyst Temperature: Bank 1 - Sensor 2
[2025-10-16 13:33:41] INFO:   ✓ PIDS_C - Supported PIDs [41-60]
[2025-10-16 13:33:42] INFO:   ✓ CONTROL_MODULE_VOLTAGE - Control module voltage
[2025-10-16 13:33:42] INFO:   ✓ ABSOLUTE_LOAD - Absolute load value
[2025-10-16 13:33:42] INFO:   ✓ COMMANDED_EQUIV_RATIO - Commanded equivalence ratio
[2025-10-16 13:33:42] INFO:   ✓ RELATIVE_THROTTLE_POS - Relative throttle position
[2025-10-16 13:33:42] INFO:   ✓ THROTTLE_POS_B - Absolute throttle position B
[2025-10-16 13:33:43] INFO:   ✓ ACCELERATOR_POS_D - Accelerator pedal position D
[2025-10-16 13:33:43] INFO:   ✓ ACCELERATOR_POS_E - Accelerator pedal position E
[2025-10-16 13:33:43] INFO:   ✓ THROTTLE_ACTUATOR - Commanded throttle actuator
[2025-10-16 13:33:43] INFO:   ✓ RUN_TIME_MIL - Time run with MIL on
[2025-10-16 13:33:43] INFO:   ✓ TIME_SINCE_DTC_CLEARED - Time since trouble codes cleared
[2025-10-16 13:33:45] INFO: Discovery complete: 37/96 commands available
[2025-10-16 13:33:45] INFO: Command list saved to: /home/pi/rider-controller/logs/obd_data/available_commands.json
[2025-10-16 13:33:45] INFO: OBD polling started
[2025-10-16 13:33:45] INFO: ✓ Reconnected successfully!
[2025-10-16 13:34:05] INFO: Manual logging stop requested
[2025-10-16 13:34:06] INFO: OBD polling stopped - will attempt reconnection
[2025-10-16 13:34:06] ERROR: Could not schedule reconnection: There is no current event loop in thread 'Thread-2 (poll_obd)'.
[2025-10-16 13:34:08] INFO: OBD Service Shutting Down...
[2025-10-16 13:34:09] INFO: ✓ OBD connection closed
[2025-10-16 13:34:09] INFO: ✓ Shutdown complete
[2025-10-16 13:39:40] INFO: Logger initialized - File: /home/pi/rider-controller/logs/obd_service.log
[2025-10-16 13:39:40] INFO: Starting OBD service on port 8001...
[2025-10-16 13:39:40] INFO: ============================================================
[2025-10-16 13:39:40] INFO: OBD Service Starting
[2025-10-16 13:39:40] INFO: ============================================================
[2025-10-16 13:39:42] INFO: Starting OBD initialization...
[2025-10-16 13:39:42] INFO: Connecting to OBD-II adapter...
[2025-10-16 13:39:50] INFO: ✓ Connected to /dev/ttyUSB0
[2025-10-16 13:39:50] INFO:   Protocol: ISO 15765-4 (CAN 11/500)
[2025-10-16 13:39:50] INFO: Discovering available OBD commands (this may take 30+ seconds)...
[2025-10-16 13:39:50] INFO:   ✓ PIDS_A - Supported PIDs [01-20]
[2025-10-16 13:39:50] INFO:   ✓ STATUS - Status since DTCs cleared
[2025-10-16 13:39:50] INFO:   ✓ FUEL_STATUS - Fuel System Status
[2025-10-16 13:39:51] INFO:   ✓ ENGINE_LOAD - Calculated Engine Load
[2025-10-16 13:39:51] INFO:   ✓ COOLANT_TEMP - Engine Coolant Temperature
[2025-10-16 13:39:51] INFO:   ✓ SHORT_FUEL_TRIM_1 - Short Term Fuel Trim - Bank 1
[2025-10-16 13:39:51] INFO:   ✓ LONG_FUEL_TRIM_1 - Long Term Fuel Trim - Bank 1
[2025-10-16 13:39:52] INFO:   ✓ RPM - Engine RPM
[2025-10-16 13:39:52] INFO:   ✓ SPEED - Vehicle Speed
[2025-10-16 13:39:52] INFO:   ✓ TIMING_ADVANCE - Timing Advance
[2025-10-16 13:39:52] INFO:   ✓ INTAKE_TEMP - Intake Air Temp
[2025-10-16 13:39:52] INFO:   ✓ MAF - Air Flow Rate (MAF)
[2025-10-16 13:39:52] INFO:   ✓ THROTTLE_POS - Throttle Position
[2025-10-16 13:39:53] INFO:   ✓ O2_SENSORS - O2 Sensors Present
[2025-10-16 13:39:53] INFO:   ✓ O2_B1S1 - O2: Bank 1 - Sensor 1 Voltage
[2025-10-16 13:39:53] INFO:   ✓ O2_B1S2 - O2: Bank 1 - Sensor 2 Voltage
[2025-10-16 13:39:54] INFO:   ✓ OBD_COMPLIANCE - OBD Standards Compliance
[2025-10-16 13:39:54] INFO:   ✓ RUN_TIME - Engine Run Time
[2025-10-16 13:39:54] INFO:   ✓ PIDS_B - Supported PIDs [21-40]
[2025-10-16 13:39:54] INFO:   ✓ DISTANCE_W_MIL - Distance Traveled with MIL on
[2025-10-16 13:39:56] INFO:   ✓ EVAPORATIVE_PURGE - Commanded Evaporative Purge
[2025-10-16 13:39:56] INFO:   ✓ WARMUPS_SINCE_DTC_CLEAR - Number of warm-ups since codes cleared
[2025-10-16 13:39:56] INFO:   ✓ DISTANCE_SINCE_DTC_CLEAR - Distance traveled since codes cleared
[2025-10-16 13:39:56] INFO:   ✓ BAROMETRIC_PRESSURE - Barometric Pressure
[2025-10-16 13:39:57] INFO:   ✓ CATALYST_TEMP_B1S1 - Catalyst Temperature: Bank 1 - Sensor 1
[2025-10-16 13:39:58] INFO:   ✓ CATALYST_TEMP_B1S2 - Catalyst Temperature: Bank 1 - Sensor 2
[2025-10-16 13:39:58] INFO:   ✓ PIDS_C - Supported PIDs [41-60]
[2025-10-16 13:39:58] INFO:   ✓ CONTROL_MODULE_VOLTAGE - Control module voltage
[2025-10-16 13:39:58] INFO:   ✓ ABSOLUTE_LOAD - Absolute load value
[2025-10-16 13:39:58] INFO:   ✓ COMMANDED_EQUIV_RATIO - Commanded equivalence ratio
[2025-10-16 13:39:59] INFO:   ✓ RELATIVE_THROTTLE_POS - Relative throttle position
[2025-10-16 13:39:59] INFO:   ✓ THROTTLE_POS_B - Absolute throttle position B
[2025-10-16 13:39:59] INFO:   ✓ ACCELERATOR_POS_D - Accelerator pedal position D
[2025-10-16 13:39:59] INFO:   ✓ ACCELERATOR_POS_E - Accelerator pedal position E
[2025-10-16 13:39:59] INFO:   ✓ THROTTLE_ACTUATOR - Commanded throttle actuator
[2025-10-16 13:40:00] INFO:   ✓ RUN_TIME_MIL - Time run with MIL on
[2025-10-16 13:40:00] INFO:   ✓ TIME_SINCE_DTC_CLEARED - Time since trouble codes cleared
[2025-10-16 13:40:02] INFO: Discovery complete: 37/96 commands available
[2025-10-16 13:40:02] INFO: Command list saved to: /home/pi/rider-controller/logs/obd_data/available_commands.json
[2025-10-16 13:40:02] INFO: OBD polling started
[2025-10-16 13:40:02] INFO: ✓ OBD logging started automatically
[2025-10-16 13:40:03] INFO: Logging to: /home/pi/rider-controller/logs/obd_data/obd_2025-10-16.jsonl
[2025-10-16 13:40:19] INFO: Manual logging stop requested
[2025-10-16 13:40:20] INFO: OBD polling stopped
[2025-10-16 13:40:24] INFO: Manual reconnection requested
[2025-10-16 13:40:24] INFO: Will attempt reconnection in 30s...
[2025-10-16 13:40:54] INFO: Closed previous connection
[2025-10-16 13:40:54] INFO: Attempting to reconnect to OBD...
[2025-10-16 13:40:54] INFO: Connecting to OBD-II adapter...
[2025-10-16 13:40:54] ERROR: ✗ Failed to connect to OBD-II adapter
[2025-10-16 13:40:54] WARNING: Reconnection failed - will try again
[2025-10-16 13:41:24] INFO: Will attempt reconnection in 30s...
[2025-10-16 13:41:54] INFO: Closed previous connection
[2025-10-16 13:41:54] INFO: Attempting to reconnect to OBD...
[2025-10-16 13:41:54] INFO: Connecting to OBD-II adapter...
[2025-10-16 13:42:02] INFO: ✓ Connected to /dev/ttyUSB0
[2025-10-16 13:42:02] INFO:   Protocol: ISO 15765-4 (CAN 11/500)
[2025-10-16 13:42:02] INFO: Discovering available OBD commands (this may take 30+ seconds)...
[2025-10-16 13:42:02] INFO:   ✓ PIDS_A - Supported PIDs [01-20]
[2025-10-16 13:42:02] INFO:   ✓ STATUS - Status since DTCs cleared
[2025-10-16 13:42:03] INFO:   ✓ FUEL_STATUS - Fuel System Status
[2025-10-16 13:42:03] INFO:   ✓ ENGINE_LOAD - Calculated Engine Load
[2025-10-16 13:42:03] INFO:   ✓ COOLANT_TEMP - Engine Coolant Temperature
[2025-10-16 13:42:03] INFO:   ✓ SHORT_FUEL_TRIM_1 - Short Term Fuel Trim - Bank 1
[2025-10-16 13:42:03] INFO:   ✓ LONG_FUEL_TRIM_1 - Long Term Fuel Trim - Bank 1
[2025-10-16 13:42:04] INFO:   ✓ RPM - Engine RPM
[2025-10-16 13:42:04] INFO:   ✓ SPEED - Vehicle Speed
[2025-10-16 13:42:04] INFO:   ✓ TIMING_ADVANCE - Timing Advance
[2025-10-16 13:42:04] INFO:   ✓ INTAKE_TEMP - Intake Air Temp
[2025-10-16 13:42:04] INFO:   ✓ MAF - Air Flow Rate (MAF)
[2025-10-16 13:42:05] INFO:   ✓ THROTTLE_POS - Throttle Position
[2025-10-16 13:42:05] INFO:   ✓ O2_SENSORS - O2 Sensors Present
[2025-10-16 13:42:05] INFO:   ✓ O2_B1S1 - O2: Bank 1 - Sensor 1 Voltage
[2025-10-16 13:42:05] INFO:   ✓ O2_B1S2 - O2: Bank 1 - Sensor 2 Voltage
[2025-10-16 13:42:06] INFO:   ✓ OBD_COMPLIANCE - OBD Standards Compliance
[2025-10-16 13:42:06] INFO:   ✓ RUN_TIME - Engine Run Time
[2025-10-16 13:42:06] INFO:   ✓ PIDS_B - Supported PIDs [21-40]
[2025-10-16 13:42:07] INFO:   ✓ DISTANCE_W_MIL - Distance Traveled with MIL on
[2025-10-16 13:42:08] INFO:   ✓ EVAPORATIVE_PURGE - Commanded Evaporative Purge
[2025-10-16 13:42:08] INFO:   ✓ WARMUPS_SINCE_DTC_CLEAR - Number of warm-ups since codes cleared
[2025-10-16 13:42:08] INFO:   ✓ DISTANCE_SINCE_DTC_CLEAR - Distance traveled since codes cleared
[2025-10-16 13:42:09] INFO:   ✓ BAROMETRIC_PRESSURE - Barometric Pressure
[2025-10-16 13:42:10] INFO:   ✓ CATALYST_TEMP_B1S1 - Catalyst Temperature: Bank 1 - Sensor 1
[2025-10-16 13:42:10] INFO:   ✓ CATALYST_TEMP_B1S2 - Catalyst Temperature: Bank 1 - Sensor 2
[2025-10-16 13:42:10] INFO:   ✓ PIDS_C - Supported PIDs [41-60]
[2025-10-16 13:42:10] INFO:   ✓ CONTROL_MODULE_VOLTAGE - Control module voltage
[2025-10-16 13:42:10] INFO:   ✓ ABSOLUTE_LOAD - Absolute load value
[2025-10-16 13:42:11] INFO:   ✓ COMMANDED_EQUIV_RATIO - Commanded equivalence ratio
[2025-10-16 13:42:11] INFO:   ✓ RELATIVE_THROTTLE_POS - Relative throttle position
[2025-10-16 13:42:11] INFO:   ✓ THROTTLE_POS_B - Absolute throttle position B
[2025-10-16 13:42:11] INFO:   ✓ ACCELERATOR_POS_D - Accelerator pedal position D
[2025-10-16 13:42:11] INFO:   ✓ ACCELERATOR_POS_E - Accelerator pedal position E
[2025-10-16 13:42:12] INFO:   ✓ THROTTLE_ACTUATOR - Commanded throttle actuator
[2025-10-16 13:42:12] INFO:   ✓ RUN_TIME_MIL - Time run with MIL on
[2025-10-16 13:42:12] INFO:   ✓ TIME_SINCE_DTC_CLEARED - Time since trouble codes cleared
[2025-10-16 13:42:14] INFO: Discovery complete: 37/96 commands available
[2025-10-16 13:42:14] INFO: Command list saved to: /home/pi/rider-controller/logs/obd_data/available_commands.json
[2025-10-16 13:42:14] INFO: OBD polling started
[2025-10-16 13:42:14] INFO: ✓ Reconnected successfully!
[2025-10-16 13:42:57] WARNING: No valid OBD data received (errors: 1/10)
[2025-10-16 13:43:02] WARNING: No valid OBD data received (errors: 2/10)
[2025-10-16 13:43:08] WARNING: No valid OBD data received (errors: 3/10)
[2025-10-16 13:43:13] WARNING: No valid OBD data received (errors: 4/10)
[2025-10-16 13:43:18] WARNING: No valid OBD data received (errors: 5/10)
[2025-10-16 13:43:23] WARNING: No valid OBD data received (errors: 6/10)
[2025-10-16 13:43:29] WARNING: No valid OBD data received (errors: 7/10)
[2025-10-16 13:43:34] WARNING: No valid OBD data received (errors: 8/10)
[2025-10-16 13:43:39] WARNING: No valid OBD data received (errors: 9/10)
[2025-10-16 13:43:44] WARNING: No valid OBD data received (errors: 10/10)
[2025-10-16 13:43:44] ERROR: Too many consecutive errors - connection may be lost
[2025-10-16 13:43:44] INFO: OBD polling stopped
[2025-10-16 13:43:58] INFO: Manual reconnection requested
[2025-10-16 13:43:58] INFO: Will attempt reconnection in 30s...
[2025-10-16 13:44:01] INFO: OBD Service Shutting Down...
[2025-10-16 13:44:02] INFO: ✓ OBD connection closed
[2025-10-16 13:44:02] INFO: ✓ Shutdown complete
[2025-10-16 13:44:18] INFO: Logger initialized - File: /home/pi/rider-controller/logs/obd_service.log
[2025-10-16 13:44:18] INFO: Starting OBD service on port 8001...
[2025-10-16 13:44:18] INFO: ============================================================
[2025-10-16 13:44:18] INFO: OBD Service Starting
[2025-10-16 13:44:18] INFO: ============================================================
[2025-10-16 13:44:20] INFO: Starting OBD initialization...
[2025-10-16 13:44:20] INFO: Connecting to OBD-II adapter...
[2025-10-16 13:44:28] INFO: ✓ Connected to /dev/ttyUSB0
[2025-10-16 13:44:28] INFO:   Protocol: ISO 15765-4 (CAN 11/500)
[2025-10-16 13:44:28] INFO: ✓ Connected! Starting command discovery in background...
[2025-10-16 13:44:28] INFO: Discovering available OBD commands (this may take 30+ seconds)...
[2025-10-16 13:44:28] INFO: ✓ OBD service ready (discovery running in background)
[2025-10-16 13:44:28] INFO: Manual reconnection requested
[2025-10-16 13:44:28] INFO: Will attempt reconnection in 30s...
[2025-10-16 13:44:28] INFO:   ✓ PIDS_A - Supported PIDs [01-20]
[2025-10-16 13:44:28] INFO:   ✓ STATUS - Status since DTCs cleared
[2025-10-16 13:44:28] INFO:   ✓ FUEL_STATUS - Fuel System Status
[2025-10-16 13:44:28] INFO:   ✓ ENGINE_LOAD - Calculated Engine Load
[2025-10-16 13:44:29] INFO:   ✓ COOLANT_TEMP - Engine Coolant Temperature
[2025-10-16 13:44:29] INFO:   ✓ SHORT_FUEL_TRIM_1 - Short Term Fuel Trim - Bank 1
[2025-10-16 13:44:29] INFO:   ✓ LONG_FUEL_TRIM_1 - Long Term Fuel Trim - Bank 1
[2025-10-16 13:44:29] INFO:   ✓ RPM - Engine RPM
[2025-10-16 13:44:30] INFO:   ✓ SPEED - Vehicle Speed
[2025-10-16 13:44:30] INFO:   ✓ TIMING_ADVANCE - Timing Advance
[2025-10-16 13:44:30] INFO:   ✓ INTAKE_TEMP - Intake Air Temp
[2025-10-16 13:44:30] INFO:   ✓ MAF - Air Flow Rate (MAF)
[2025-10-16 13:44:30] INFO:   ✓ THROTTLE_POS - Throttle Position
[2025-10-16 13:44:30] INFO:   ✓ O2_SENSORS - O2 Sensors Present
[2025-10-16 13:44:31] INFO:   ✓ O2_B1S1 - O2: Bank 1 - Sensor 1 Voltage
[2025-10-16 13:44:31] INFO:   ✓ O2_B1S2 - O2: Bank 1 - Sensor 2 Voltage
[2025-10-16 13:44:31] INFO:   ✓ OBD_COMPLIANCE - OBD Standards Compliance
[2025-10-16 13:44:32] INFO:   ✓ RUN_TIME - Engine Run Time
[2025-10-16 13:44:32] INFO:   ✓ PIDS_B - Supported PIDs [21-40]
[2025-10-16 13:44:32] INFO:   ✓ DISTANCE_W_MIL - Distance Traveled with MIL on
[2025-10-16 13:44:33] INFO:   ✓ EVAPORATIVE_PURGE - Commanded Evaporative Purge
[2025-10-16 13:44:34] INFO:   ✓ WARMUPS_SINCE_DTC_CLEAR - Number of warm-ups since codes cleared
[2025-10-16 13:44:34] INFO:   ✓ DISTANCE_SINCE_DTC_CLEAR - Distance traveled since codes cleared
[2025-10-16 13:44:34] INFO:   ✓ BAROMETRIC_PRESSURE - Barometric Pressure
[2025-10-16 13:44:35] INFO:   ✓ CATALYST_TEMP_B1S1 - Catalyst Temperature: Bank 1 - Sensor 1
[2025-10-16 13:44:35] INFO:   ✓ CATALYST_TEMP_B1S2 - Catalyst Temperature: Bank 1 - Sensor 2
[2025-10-16 13:44:36] INFO:   ✓ PIDS_C - Supported PIDs [41-60]
[2025-10-16 13:44:36] INFO:   ✓ CONTROL_MODULE_VOLTAGE - Control module voltage
[2025-10-16 13:44:36] INFO:   ✓ ABSOLUTE_LOAD - Absolute load value
[2025-10-16 13:44:36] INFO:   ✓ COMMANDED_EQUIV_RATIO - Commanded equivalence ratio
[2025-10-16 13:44:36] INFO:   ✓ RELATIVE_THROTTLE_POS - Relative throttle position
[2025-10-16 13:44:37] INFO:   ✓ THROTTLE_POS_B - Absolute throttle position B
[2025-10-16 13:44:37] INFO:   ✓ ACCELERATOR_POS_D - Accelerator pedal position D
[2025-10-16 13:44:37] INFO:   ✓ ACCELERATOR_POS_E - Accelerator pedal position E
[2025-10-16 13:44:37] INFO:   ✓ THROTTLE_ACTUATOR - Commanded throttle actuator
[2025-10-16 13:44:37] INFO:   ✓ RUN_TIME_MIL - Time run with MIL on
[2025-10-16 13:44:37] INFO:   ✓ TIME_SINCE_DTC_CLEARED - Time since trouble codes cleared
[2025-10-16 13:44:39] INFO: Discovery complete: 37/96 commands available
[2025-10-16 13:44:39] INFO: Command list saved to: /home/pi/rider-controller/logs/obd_data/available_commands.json
[2025-10-16 13:44:39] INFO: OBD polling started
[2025-10-16 13:44:41] INFO: Logging to: /home/pi/rider-controller/logs/obd_data/obd_2025-10-16.jsonl
[2025-10-16 13:44:49] INFO: Manual logging stop requested
[2025-10-16 13:44:51] INFO: OBD polling stopped
[2025-10-16 13:44:51] INFO: Manual reconnection requested
[2025-10-16 13:44:51] INFO: Will attempt reconnection in 30s...
[2025-10-16 13:44:58] INFO: Closed previous connection
[2025-10-16 13:44:58] INFO: Attempting to reconnect to OBD...
[2025-10-16 13:44:58] INFO: Connecting to OBD-II adapter...
[2025-10-16 13:44:58] ERROR: ✗ Failed to connect to OBD-II adapter
[2025-10-16 13:44:58] WARNING: Reconnection failed - will try again
[2025-10-16 13:45:21] INFO: Closed previous connection
[2025-10-16 13:45:21] INFO: Attempting to reconnect to OBD...
[2025-10-16 13:45:21] INFO: Connecting to OBD-II adapter...
[2025-10-16 13:45:29] INFO: ✓ Connected to /dev/ttyUSB0
[2025-10-16 13:45:29] INFO:   Protocol: ISO 15765-4 (CAN 11/500)
[2025-10-16 13:45:29] INFO: ✓ Reconnected! Starting command discovery in background...
[2025-10-16 13:45:29] INFO: Discovering available OBD commands (this may take 30+ seconds)...
[2025-10-16 13:45:29] INFO: ✓ Reconnection successful
[2025-10-16 13:45:29] INFO: Will attempt reconnection in 30s...
[2025-10-16 13:45:29] INFO:   ✓ PIDS_A - Supported PIDs [01-20]
[2025-10-16 13:45:30] INFO:   ✓ STATUS - Status since DTCs cleared
[2025-10-16 13:45:30] INFO:   ✓ FUEL_STATUS - Fuel System Status
[2025-10-16 13:45:30] INFO:   ✓ ENGINE_LOAD - Calculated Engine Load
[2025-10-16 13:45:30] INFO:   ✓ COOLANT_TEMP - Engine Coolant Temperature
[2025-10-16 13:45:30] INFO:   ✓ SHORT_FUEL_TRIM_1 - Short Term Fuel Trim - Bank 1
[2025-10-16 13:45:30] INFO:   ✓ LONG_FUEL_TRIM_1 - Long Term Fuel Trim - Bank 1
[2025-10-16 13:45:31] INFO:   ✓ RPM - Engine RPM
[2025-10-16 13:45:31] INFO:   ✓ SPEED - Vehicle Speed
[2025-10-16 13:45:31] INFO:   ✓ TIMING_ADVANCE - Timing Advance
[2025-10-16 13:45:31] INFO:   ✓ INTAKE_TEMP - Intake Air Temp
[2025-10-16 13:45:32] INFO:   ✓ MAF - Air Flow Rate (MAF)
[2025-10-16 13:45:32] INFO:   ✓ THROTTLE_POS - Throttle Position
[2025-10-16 13:45:32] INFO:   ✓ O2_SENSORS - O2 Sensors Present
[2025-10-16 13:45:32] INFO:   ✓ O2_B1S1 - O2: Bank 1 - Sensor 1 Voltage
[2025-10-16 13:45:32] INFO:   ✓ O2_B1S2 - O2: Bank 1 - Sensor 2 Voltage
[2025-10-16 13:45:33] INFO:   ✓ OBD_COMPLIANCE - OBD Standards Compliance
[2025-10-16 13:45:33] INFO:   ✓ RUN_TIME - Engine Run Time
[2025-10-16 13:45:34] INFO:   ✓ PIDS_B - Supported PIDs [21-40]
[2025-10-16 13:45:34] INFO:   ✓ DISTANCE_W_MIL - Distance Traveled with MIL on
[2025-10-16 13:45:35] INFO:   ✓ EVAPORATIVE_PURGE - Commanded Evaporative Purge
[2025-10-16 13:45:35] INFO:   ✓ WARMUPS_SINCE_DTC_CLEAR - Number of warm-ups since codes cleared
[2025-10-16 13:45:35] INFO:   ✓ DISTANCE_SINCE_DTC_CLEAR - Distance traveled since codes cleared
[2025-10-16 13:45:36] INFO:   ✓ BAROMETRIC_PRESSURE - Barometric Pressure
[2025-10-16 13:45:37] INFO:   ✓ CATALYST_TEMP_B1S1 - Catalyst Temperature: Bank 1 - Sensor 1
[2025-10-16 13:45:37] INFO:   ✓ CATALYST_TEMP_B1S2 - Catalyst Temperature: Bank 1 - Sensor 2
[2025-10-16 13:45:37] INFO:   ✓ PIDS_C - Supported PIDs [41-60]
[2025-10-16 13:45:37] INFO:   ✓ CONTROL_MODULE_VOLTAGE - Control module voltage
[2025-10-16 13:45:38] INFO:   ✓ ABSOLUTE_LOAD - Absolute load value
[2025-10-16 13:45:38] INFO:   ✓ COMMANDED_EQUIV_RATIO - Commanded equivalence ratio
[2025-10-16 13:45:38] INFO:   ✓ RELATIVE_THROTTLE_POS - Relative throttle position
[2025-10-16 13:45:38] INFO:   ✓ THROTTLE_POS_B - Absolute throttle position B
[2025-10-16 13:45:38] INFO:   ✓ ACCELERATOR_POS_D - Accelerator pedal position D
[2025-10-16 13:45:39] INFO:   ✓ ACCELERATOR_POS_E - Accelerator pedal position E
[2025-10-16 13:45:39] INFO:   ✓ THROTTLE_ACTUATOR - Commanded throttle actuator
[2025-10-16 13:45:39] INFO:   ✓ RUN_TIME_MIL - Time run with MIL on
[2025-10-16 13:45:39] INFO:   ✓ TIME_SINCE_DTC_CLEARED - Time since trouble codes cleared
[2025-10-16 13:45:41] INFO: Discovery complete: 37/96 commands available
[2025-10-16 13:45:41] INFO: Command list saved to: /home/pi/rider-controller/logs/obd_data/available_commands.json
[2025-10-16 13:45:41] INFO: OBD polling started
[2025-10-16 13:45:46] INFO: OBD Service Shutting Down...
[2025-10-16 13:45:47] INFO: ✓ OBD connection closed
[2025-10-16 13:45:47] INFO: ✓ Shutdown complete
[2025-10-16 13:46:41] INFO: Logger initialized - File: /home/pi/rider-controller/logs/obd_service.log
[2025-10-16 13:46:41] INFO: Starting OBD service on port 8001...
[2025-10-16 13:46:41] INFO: ============================================================
[2025-10-16 13:46:41] INFO: OBD Service Starting
[2025-10-16 13:46:41] INFO: ============================================================
[2025-10-16 13:46:43] INFO: Starting OBD initialization...
[2025-10-16 13:46:43] INFO: Connecting to OBD-II adapter...
[2025-10-16 13:46:50] ERROR: ✗ Failed to connect to OBD-II adapter
[2025-10-16 13:46:50] WARNING: ⚠ OBD not connected - will retry automatically
[2025-10-16 13:46:50] WARNING:   (Common causes: ignition off, adapter unplugged)
[2025-10-16 13:46:50] INFO: Waiting 30s before next attempt...
[2025-10-16 13:47:20] INFO: Reconnection attempt #2...
[2025-10-16 13:47:20] INFO: Connecting to OBD-II adapter...
[2025-10-16 13:47:27] ERROR: ✗ Failed to connect to OBD-II adapter
[2025-10-16 13:47:27] WARNING: ⚠ Connection failed - retry #2
[2025-10-16 13:47:27] INFO: Waiting 30s before next attempt...
[2025-10-16 13:47:57] INFO: Reconnection attempt #3...
[2025-10-16 13:47:57] INFO: Connecting to OBD-II adapter...
[2025-10-16 13:48:04] ERROR: ✗ Failed to connect to OBD-II adapter
[2025-10-16 13:48:04] WARNING: ⚠ Connection failed - retry #3
[2025-10-16 13:48:04] INFO: Waiting 30s before next attempt...
[2025-10-16 13:48:34] INFO: Reconnection attempt #4...
[2025-10-16 13:48:34] INFO: Connecting to OBD-II adapter...
[2025-10-16 13:48:42] ERROR: ✗ Failed to connect to OBD-II adapter
[2025-10-16 13:48:42] WARNING: ⚠ Connection failed - retry #4
[2025-10-16 13:48:42] INFO: Waiting 30s before next attempt...
[2025-10-16 13:49:12] INFO: Reconnection attempt #5...
[2025-10-16 13:49:12] INFO: Connecting to OBD-II adapter...
[2025-10-16 13:49:19] ERROR: ✗ Failed to connect to OBD-II adapter
[2025-10-16 13:49:19] WARNING: ⚠ Connection failed - retry #5
[2025-10-16 13:49:19] INFO: Waiting 30s before next attempt...
[2025-10-16 13:49:49] INFO: Reconnection attempt #6...
[2025-10-16 13:49:49] INFO: Connecting to OBD-II adapter...
[2025-10-16 13:49:56] ERROR: ✗ Failed to connect to OBD-II adapter
[2025-10-16 13:49:56] WARNING: ⚠ Connection failed - retry #6
[2025-10-16 13:49:56] INFO: Waiting 30s before next attempt...
[2025-10-16 13:50:26] INFO: Reconnection attempt #7...
[2025-10-16 13:50:26] INFO: Connecting to OBD-II adapter...
[2025-10-16 13:50:33] ERROR: ✗ Failed to connect to OBD-II adapter
[2025-10-16 13:50:33] WARNING: ⚠ Connection failed - retry #7
[2025-10-16 13:50:33] INFO: Waiting 30s before next attempt...
[2025-10-16 13:51:03] INFO: Reconnection attempt #8...
[2025-10-16 13:51:03] INFO: Connecting to OBD-II adapter...
[2025-10-16 13:51:11] ERROR: ✗ Failed to connect to OBD-II adapter
[2025-10-16 13:51:11] WARNING: ⚠ Connection failed - retry #8
[2025-10-16 13:51:11] INFO: Waiting 30s before next attempt...
[2025-10-16 13:51:41] INFO: Reconnection attempt #9...
[2025-10-16 13:51:41] INFO: Connecting to OBD-II adapter...
[2025-10-16 13:51:48] ERROR: ✗ Failed to connect to OBD-II adapter
[2025-10-16 13:51:48] WARNING: ⚠ Connection failed - retry #9
[2025-10-16 13:51:48] INFO: Waiting 30s before next attempt...
[2025-10-16 13:52:18] INFO: Reconnection attempt #10...
[2025-10-16 13:52:18] INFO: Connecting to OBD-II adapter...
[2025-10-16 13:52:25] ERROR: ✗ Failed to connect to OBD-II adapter
[2025-10-16 13:52:25] WARNING: ⚠ Connection failed - retry #10
[2025-10-16 13:52:25] INFO: Waiting 30s before next attempt...
[2025-10-16 13:52:55] INFO: Reconnection attempt #11...
[2025-10-16 13:52:55] INFO: Connecting to OBD-II adapter...
[2025-10-16 13:53:02] ERROR: ✗ Failed to connect to OBD-II adapter
[2025-10-16 13:53:02] WARNING: ⚠ Connection failed - retry #11
[2025-10-16 13:53:02] INFO: Waiting 30s before next attempt...
[2025-10-16 13:53:32] INFO: Reconnection attempt #12...
[2025-10-16 13:53:32] INFO: Connecting to OBD-II adapter...
[2025-10-16 13:53:39] ERROR: ✗ Failed to connect to OBD-II adapter
[2025-10-16 13:53:39] WARNING: ⚠ Connection failed - retry #12
[2025-10-16 13:53:39] INFO: Waiting 30s before next attempt...
[2025-10-16 13:53:47] INFO: OBD Service Shutting Down...
[2025-10-16 13:53:48] INFO: ✓ OBD connection closed
[2025-10-16 13:53:48] INFO: ✓ Shutdown complete
[2025-10-16 13:53:50] INFO: Logger initialized - File: /home/pi/rider-controller/logs/obd_service.log
[2025-10-16 13:53:50] INFO: Starting OBD service on port 8001...
[2025-10-16 13:53:50] INFO: ============================================================
[2025-10-16 13:53:50] INFO: OBD Service Starting
[2025-10-16 13:53:50] INFO: ============================================================
[2025-10-16 13:53:52] INFO: Starting OBD initialization...
[2025-10-16 13:53:52] INFO: Connecting to OBD-II adapter...
[2025-10-16 13:53:59] ERROR: ✗ Failed to connect to OBD-II adapter
[2025-10-16 13:53:59] WARNING: ⚠ OBD not connected - will retry automatically
[2025-10-16 13:53:59] WARNING:   (Common causes: ignition off, adapter unplugged)
[2025-10-16 13:53:59] INFO: Waiting 30s before next attempt...
